<?xml version="1.0" encoding="UTF-8"?>
<!-- Generated by org.testng.reporters.JUnitReportReporter -->
<testsuite hostname="IN-33GKF63" failures="0" tests="7" name="Tests.CommentsByKeyword" time="22.197" errors="0" timestamp="2024-08-21T19:57:06 IST" skipped="0">
  <testcase classname="Tests.CommentsByKeyword" name="TC_CK_04" time="1.232"/>
  <system-out/>
  <testcase classname="Tests.CommentsByKeyword" name="TC_CK_03" time="5.880"/>
  <system-out/>
  <testcase classname="Tests.CommentsByKeyword" name="TC_CK_06" time="1.677"/>
  <system-out/>
  <testcase classname="Tests.CommentsByKeyword" name="TC_CK_05" time="0.579"/>
  <system-out/>
  <testcase classname="Tests.CommentsByKeyword" name="TC_CK_01" time="10.708"/>
  <system-out/>
  <testcase classname="Tests.CommentsByKeyword" name="TC_CK_07" time="1.023"/>
  <system-out/>
  <testcase classname="Tests.CommentsByKeyword" name="TC_CK_02" time="1.098"/>
  <system-out/>
</testsuite> <!-- Tests.CommentsByKeyword -->
