<?xml version="1.0" encoding="UTF-8"?>
<!-- Generated by org.testng.reporters.JUnitReportReporter -->
<testsuite hostname="IN-33GKF63" failures="0" tests="10" name="Tests.CommentsByOverview" time="51.411" errors="0" timestamp="2024-08-21T20:00:01 IST" skipped="0">
  <testcase classname="Tests.CommentsByOverview" name="TC_CO_04" time="1.029"/>
  <system-out/>
  <testcase classname="Tests.CommentsByOverview" name="TC_CO_05" time="0.439"/>
  <system-out/>
  <testcase classname="Tests.CommentsByOverview" name="TC_CO_03" time="0.325"/>
  <system-out/>
  <testcase classname="Tests.CommentsByOverview" name="TC_CO_08" time="0.770"/>
  <system-out/>
  <testcase classname="Tests.CommentsByOverview" name="TC_CO_02" time="5.473"/>
  <system-out/>
  <testcase classname="Tests.CommentsByOverview" name="TC_CO_10" time="31.964"/>
  <system-out/>
  <testcase classname="Tests.CommentsByOverview" name="TC_CO_01" time="9.530"/>
  <system-out/>
  <testcase classname="Tests.CommentsByOverview" name="TC_CO_09" time="0.916"/>
  <system-out/>
  <testcase classname="Tests.CommentsByOverview" name="TC_CO_06" time="0.343"/>
  <system-out/>
  <testcase classname="Tests.CommentsByOverview" name="TC_CO_07" time="0.622"/>
  <system-out/>
</testsuite> <!-- Tests.CommentsByOverview -->
