<?xml version="1.0" encoding="UTF-8"?>
<!-- Generated by org.testng.reporters.JUnitReportReporter -->
<testsuite hostname="IN-33GKF63" failures="0" tests="7" name="Tests.CommentsByKeyword" time="29.574" errors="0" timestamp="2024-06-05T20:33:08 IST" skipped="0">
  <testcase classname="Tests.CommentsByKeyword" name="TC_CK_01" time="13.706"/>
  <system-out/>
  <testcase classname="Tests.CommentsByKeyword" name="TC_CK_04" time="1.895"/>
  <system-out/>
  <testcase classname="Tests.CommentsByKeyword" name="TC_CK_02" time="1.334"/>
  <system-out/>
  <testcase classname="Tests.CommentsByKeyword" name="TC_CK_03" time="8.224"/>
  <system-out/>
  <testcase classname="Tests.CommentsByKeyword" name="TC_CK_07" time="1.585"/>
  <system-out/>
  <testcase classname="Tests.CommentsByKeyword" name="TC_CK_05" time="0.741"/>
  <system-out/>
  <testcase classname="Tests.CommentsByKeyword" name="TC_CK_06" time="2.089"/>
  <system-out/>
</testsuite> <!-- Tests.CommentsByKeyword -->
