<?xml version="1.0" encoding="UTF-8"?>
<!-- Generated by org.testng.reporters.JUnitReportReporter -->
<testsuite hostname="IN-33GKF63" failures="0" tests="11" name="Tests.CommentsByComments" time="94.560" errors="0" timestamp="2024-12-05T00:47:40 IST" skipped="0">
  <testcase classname="Tests.CommentsByComments" name="TC_CC_01" time="22.614"/>
  <system-out/>
  <testcase classname="Tests.CommentsByComments" name="TC_CC_04" time="8.438"/>
  <system-out/>
  <testcase classname="Tests.CommentsByComments" name="TC_CC_02" time="4.689"/>
  <system-out/>
  <testcase classname="Tests.CommentsByComments" name="TC_CC_09" time="6.242"/>
  <system-out/>
  <testcase classname="Tests.CommentsByComments" name="TC_CC_10" time="23.552"/>
  <system-out/>
  <testcase classname="Tests.CommentsByComments" name="TC_CC_05" time="1.134"/>
  <system-out/>
  <testcase classname="Tests.CommentsByComments" name="TC_CC_07" time="11.672"/>
  <system-out/>
  <testcase classname="Tests.CommentsByComments" name="TC_CC_11" time="2.122"/>
  <system-out/>
  <testcase classname="Tests.CommentsByComments" name="TC_CC_03" time="5.550"/>
  <system-out/>
  <testcase classname="Tests.CommentsByComments" name="TC_CC_06" time="6.857"/>
  <system-out/>
  <testcase classname="Tests.CommentsByComments" name="TC_CC_08" time="1.690"/>
  <system-out/>
</testsuite> <!-- Tests.CommentsByComments -->
