<?xml version="1.0" encoding="UTF-8"?>
<!-- Generated by org.testng.reporters.JUnitReportReporter -->
<testsuite hostname="IN-33GKF63" failures="0" tests="10" name="Tests.CommentsByQuestion" time="29.058" errors="0" timestamp="2024-06-05T19:56:17 IST" skipped="0">
  <testcase classname="Tests.CommentsByQuestion" name="TC_CQ_03" time="0.405"/>
  <system-out/>
  <testcase classname="Tests.CommentsByQuestion" name="TC_CQ_08" time="1.290"/>
  <system-out/>
  <testcase classname="Tests.CommentsByQuestion" name="TC_CQ_06" time="2.963"/>
  <system-out/>
  <testcase classname="Tests.CommentsByQuestion" name="TC_CQ_01" time="9.504"/>
  <system-out/>
  <testcase classname="Tests.CommentsByQuestion" name="TC_CQ_04" time="0.481"/>
  <system-out/>
  <testcase classname="Tests.CommentsByQuestion" name="TC_CQ_05" time="1.615"/>
  <system-out/>
  <testcase classname="Tests.CommentsByQuestion" name="TC_CQ_10" time="2.294"/>
  <system-out/>
  <testcase classname="Tests.CommentsByQuestion" name="TC_CQ_07" time="9.091"/>
  <system-out/>
  <testcase classname="Tests.CommentsByQuestion" name="TC_CQ_02" time="0.961"/>
  <system-out/>
  <testcase classname="Tests.CommentsByQuestion" name="TC_CQ_09" time="0.454"/>
  <system-out/>
</testsuite> <!-- Tests.CommentsByQuestion -->
