<?xml version="1.0" encoding="UTF-8"?>
<!-- Generated by org.testng.reporters.JUnitReportReporter -->
<testsuite hostname="IN-33GKF63" failures="0" tests="11" name="Tests.CommentsByComments" time="40.722" errors="0" timestamp="2024-08-21T19:54:29 IST" skipped="0">
  <testcase classname="Tests.CommentsByComments" name="TC_CC_04" time="4.763"/>
  <system-out/>
  <testcase classname="Tests.CommentsByComments" name="TC_CC_08" time="0.600"/>
  <system-out/>
  <testcase classname="Tests.CommentsByComments" name="TC_CC_09" time="0.641"/>
  <system-out/>
  <testcase classname="Tests.CommentsByComments" name="TC_CC_05" time="0.541"/>
  <system-out/>
  <testcase classname="Tests.CommentsByComments" name="TC_CC_03" time="1.697"/>
  <system-out/>
  <testcase classname="Tests.CommentsByComments" name="TC_CC_10" time="13.709"/>
  <system-out/>
  <testcase classname="Tests.CommentsByComments" name="TC_CC_02" time="0.860"/>
  <system-out/>
  <testcase classname="Tests.CommentsByComments" name="TC_CC_01" time="8.066"/>
  <system-out/>
  <testcase classname="Tests.CommentsByComments" name="TC_CC_07" time="5.721"/>
  <system-out/>
  <testcase classname="Tests.CommentsByComments" name="TC_CC_11" time="0.908"/>
  <system-out/>
  <testcase classname="Tests.CommentsByComments" name="TC_CC_06" time="3.216"/>
  <system-out/>
</testsuite> <!-- Tests.CommentsByComments -->
