<?xml version="1.0" encoding="UTF-8"?>
<!-- Generated by org.testng.reporters.JUnitReportReporter -->
<testsuite hostname="IN-33GKF63" failures="0" tests="10" name="Tests.CommentsByTopics" time="62.593" errors="0" timestamp="2024-06-05T21:44:27 IST" skipped="0">
  <testcase classname="Tests.CommentsByTopics" name="TC_CT_05" time="3.030"/>
  <system-out/>
  <testcase classname="Tests.CommentsByTopics" name="TC_CT_03" time="11.416"/>
  <system-out/>
  <testcase classname="Tests.CommentsByTopics" name="TC_CT_09" time="3.455"/>
  <system-out/>
  <testcase classname="Tests.CommentsByTopics" name="TC_CT_04" time="11.439"/>
  <system-out/>
  <testcase classname="Tests.CommentsByTopics" name="TC_CT_07" time="0.965"/>
  <system-out/>
  <testcase classname="Tests.CommentsByTopics" name="TC_CT_06" time="2.423"/>
  <system-out/>
  <testcase classname="Tests.CommentsByTopics" name="TC_CT_02" time="1.491"/>
  <system-out/>
  <testcase classname="Tests.CommentsByTopics" name="TC_CT_10" time="17.510"/>
  <system-out/>
  <testcase classname="Tests.CommentsByTopics" name="TC_CT_08" time="1.262"/>
  <system-out/>
  <testcase classname="Tests.CommentsByTopics" name="TC_CT_01" time="9.602"/>
  <system-out/>
</testsuite> <!-- Tests.CommentsByTopics -->
